Start testing: Jun 14 15:59 GTB Daylight Time
----------------------------------------------------------
1/27 Testing: RBTree_Manual_Insertion
1/27 Test: RBTree_Manual_Insertion
Command: "C:/Users/Antonis/Desktop/Cpp/RBTree/build/test/Debug/manual_operations.exe" "RBTree_Manual_Insertion"
Directory: C:/Users/Antonis/Desktop/Cpp/RBTree/build/test
"RBTree_Manual_Insertion" start time: Jun 14 15:59 GTB Daylight Time
Output:
----------------------------------------------------------
Filters: "RBTree_Manual_Insertion"
Randomness seeded to: 2919161538
===============================================================================
All tests passed (2 assertions in 1 test case)

<end of output>
Test time =   0.01 sec
----------------------------------------------------------
Test Passed.
"RBTree_Manual_Insertion" end time: Jun 14 15:59 GTB Daylight Time
"RBTree_Manual_Insertion" time elapsed: 00:00:00
----------------------------------------------------------

2/27 Testing: RBTree_Manual_Rotate_Left
2/27 Test: RBTree_Manual_Rotate_Left
Command: "C:/Users/Antonis/Desktop/Cpp/RBTree/build/test/Debug/manual_operations.exe" "RBTree_Manual_Rotate_Left"
Directory: C:/Users/Antonis/Desktop/Cpp/RBTree/build/test
"RBTree_Manual_Rotate_Left" start time: Jun 14 15:59 GTB Daylight Time
Output:
----------------------------------------------------------
Filters: "RBTree_Manual_Rotate_Left"
Randomness seeded to: 3088399426
===============================================================================
All tests passed (3 assertions in 1 test case)

<end of output>
Test time =   0.01 sec
----------------------------------------------------------
Test Passed.
"RBTree_Manual_Rotate_Left" end time: Jun 14 15:59 GTB Daylight Time
"RBTree_Manual_Rotate_Left" time elapsed: 00:00:00
----------------------------------------------------------

3/27 Testing: RBTree_Manual_Rotate_Right
3/27 Test: RBTree_Manual_Rotate_Right
Command: "C:/Users/Antonis/Desktop/Cpp/RBTree/build/test/Debug/manual_operations.exe" "RBTree_Manual_Rotate_Right"
Directory: C:/Users/Antonis/Desktop/Cpp/RBTree/build/test
"RBTree_Manual_Rotate_Right" start time: Jun 14 15:59 GTB Daylight Time
Output:
----------------------------------------------------------
Filters: "RBTree_Manual_Rotate_Right"
Randomness seeded to: 1919981220
===============================================================================
All tests passed (6 assertions in 2 test cases)

<end of output>
Test time =   0.01 sec
----------------------------------------------------------
Test Passed.
"RBTree_Manual_Rotate_Right" end time: Jun 14 15:59 GTB Daylight Time
"RBTree_Manual_Rotate_Right" time elapsed: 00:00:00
----------------------------------------------------------

4/27 Testing: RBTree_Manual_Rotate_Right
4/27 Test: RBTree_Manual_Rotate_Right
Command: "C:/Users/Antonis/Desktop/Cpp/RBTree/build/test/Debug/manual_operations.exe" "RBTree_Manual_Rotate_Right"
Directory: C:/Users/Antonis/Desktop/Cpp/RBTree/build/test
"RBTree_Manual_Rotate_Right" start time: Jun 14 15:59 GTB Daylight Time
Output:
----------------------------------------------------------
Filters: "RBTree_Manual_Rotate_Right"
Randomness seeded to: 2239123983
===============================================================================
All tests passed (6 assertions in 2 test cases)

<end of output>
Test time =   0.01 sec
----------------------------------------------------------
Test Passed.
"RBTree_Manual_Rotate_Right" end time: Jun 14 15:59 GTB Daylight Time
"RBTree_Manual_Rotate_Right" time elapsed: 00:00:00
----------------------------------------------------------

5/27 Testing: RBTree_Find_Where_To_Insert
5/27 Test: RBTree_Find_Where_To_Insert
Command: "C:/Users/Antonis/Desktop/Cpp/RBTree/build/test/Debug/insertion_point.exe" "RBTree_Find_Where_To_Insert"
Directory: C:/Users/Antonis/Desktop/Cpp/RBTree/build/test
"RBTree_Find_Where_To_Insert" start time: Jun 14 15:59 GTB Daylight Time
Output:
----------------------------------------------------------
Filters: "RBTree_Find_Where_To_Insert"
Randomness seeded to: 3395389434
===============================================================================
All tests passed (2 assertions in 1 test case)

<end of output>
Test time =   0.01 sec
----------------------------------------------------------
Test Passed.
"RBTree_Find_Where_To_Insert" end time: Jun 14 15:59 GTB Daylight Time
"RBTree_Find_Where_To_Insert" time elapsed: 00:00:00
----------------------------------------------------------

6/27 Testing: RBTree_Insertion
6/27 Test: RBTree_Insertion
Command: "C:/Users/Antonis/Desktop/Cpp/RBTree/build/test/Debug/insert.exe" "RBTree_Insertion"
Directory: C:/Users/Antonis/Desktop/Cpp/RBTree/build/test
"RBTree_Insertion" start time: Jun 14 15:59 GTB Daylight Time
Output:
----------------------------------------------------------
Filters: "RBTree_Insertion"
Randomness seeded to: 826651868
===============================================================================
All tests passed (37 assertions in 7 test cases)

<end of output>
Test time =   0.01 sec
----------------------------------------------------------
Test Passed.
"RBTree_Insertion" end time: Jun 14 15:59 GTB Daylight Time
"RBTree_Insertion" time elapsed: 00:00:00
----------------------------------------------------------

7/27 Testing: RBTree_Insertion
7/27 Test: RBTree_Insertion
Command: "C:/Users/Antonis/Desktop/Cpp/RBTree/build/test/Debug/insert.exe" "RBTree_Insertion"
Directory: C:/Users/Antonis/Desktop/Cpp/RBTree/build/test
"RBTree_Insertion" start time: Jun 14 15:59 GTB Daylight Time
Output:
----------------------------------------------------------
Filters: "RBTree_Insertion"
Randomness seeded to: 3081740114
===============================================================================
All tests passed (37 assertions in 7 test cases)

<end of output>
Test time =   0.01 sec
----------------------------------------------------------
Test Passed.
"RBTree_Insertion" end time: Jun 14 15:59 GTB Daylight Time
"RBTree_Insertion" time elapsed: 00:00:00
----------------------------------------------------------

8/27 Testing: RBTree_Insertion
8/27 Test: RBTree_Insertion
Command: "C:/Users/Antonis/Desktop/Cpp/RBTree/build/test/Debug/insert.exe" "RBTree_Insertion"
Directory: C:/Users/Antonis/Desktop/Cpp/RBTree/build/test
"RBTree_Insertion" start time: Jun 14 15:59 GTB Daylight Time
Output:
----------------------------------------------------------
Filters: "RBTree_Insertion"
Randomness seeded to: 3224262487
===============================================================================
All tests passed (37 assertions in 7 test cases)

<end of output>
Test time =   0.01 sec
----------------------------------------------------------
Test Passed.
"RBTree_Insertion" end time: Jun 14 15:59 GTB Daylight Time
"RBTree_Insertion" time elapsed: 00:00:00
----------------------------------------------------------

9/27 Testing: RBTree_Insertion
9/27 Test: RBTree_Insertion
Command: "C:/Users/Antonis/Desktop/Cpp/RBTree/build/test/Debug/insert.exe" "RBTree_Insertion"
Directory: C:/Users/Antonis/Desktop/Cpp/RBTree/build/test
"RBTree_Insertion" start time: Jun 14 15:59 GTB Daylight Time
Output:
----------------------------------------------------------
Filters: "RBTree_Insertion"
Randomness seeded to: 2012840545
===============================================================================
All tests passed (37 assertions in 7 test cases)

<end of output>
Test time =   0.01 sec
----------------------------------------------------------
Test Passed.
"RBTree_Insertion" end time: Jun 14 15:59 GTB Daylight Time
"RBTree_Insertion" time elapsed: 00:00:00
----------------------------------------------------------

10/27 Testing: RBTree_Insertion
10/27 Test: RBTree_Insertion
Command: "C:/Users/Antonis/Desktop/Cpp/RBTree/build/test/Debug/insert.exe" "RBTree_Insertion"
Directory: C:/Users/Antonis/Desktop/Cpp/RBTree/build/test
"RBTree_Insertion" start time: Jun 14 15:59 GTB Daylight Time
Output:
----------------------------------------------------------
Filters: "RBTree_Insertion"
Randomness seeded to: 3297820950
===============================================================================
All tests passed (37 assertions in 7 test cases)

<end of output>
Test time =   0.02 sec
----------------------------------------------------------
Test Passed.
"RBTree_Insertion" end time: Jun 14 15:59 GTB Daylight Time
"RBTree_Insertion" time elapsed: 00:00:00
----------------------------------------------------------

11/27 Testing: RBTree_Insertion
11/27 Test: RBTree_Insertion
Command: "C:/Users/Antonis/Desktop/Cpp/RBTree/build/test/Debug/insert.exe" "RBTree_Insertion"
Directory: C:/Users/Antonis/Desktop/Cpp/RBTree/build/test
"RBTree_Insertion" start time: Jun 14 15:59 GTB Daylight Time
Output:
----------------------------------------------------------
Filters: "RBTree_Insertion"
Randomness seeded to: 3666056878
===============================================================================
All tests passed (37 assertions in 7 test cases)

<end of output>
Test time =   0.01 sec
----------------------------------------------------------
Test Passed.
"RBTree_Insertion" end time: Jun 14 15:59 GTB Daylight Time
"RBTree_Insertion" time elapsed: 00:00:00
----------------------------------------------------------

12/27 Testing: RBTree_Insertion
12/27 Test: RBTree_Insertion
Command: "C:/Users/Antonis/Desktop/Cpp/RBTree/build/test/Debug/insert.exe" "RBTree_Insertion"
Directory: C:/Users/Antonis/Desktop/Cpp/RBTree/build/test
"RBTree_Insertion" start time: Jun 14 15:59 GTB Daylight Time
Output:
----------------------------------------------------------
Filters: "RBTree_Insertion"
Randomness seeded to: 2952354337
===============================================================================
All tests passed (37 assertions in 7 test cases)

<end of output>
Test time =   0.02 sec
----------------------------------------------------------
Test Passed.
"RBTree_Insertion" end time: Jun 14 15:59 GTB Daylight Time
"RBTree_Insertion" time elapsed: 00:00:00
----------------------------------------------------------

13/27 Testing: RBTree_Remove
13/27 Test: RBTree_Remove
Command: "C:/Users/Antonis/Desktop/Cpp/RBTree/build/test/Debug/delete.exe" "RBTree_Remove"
Directory: C:/Users/Antonis/Desktop/Cpp/RBTree/build/test
"RBTree_Remove" start time: Jun 14 15:59 GTB Daylight Time
Output:
----------------------------------------------------------
Filters: "RBTree_Remove"
Randomness seeded to: 3579121464
 reached this without segfault
 reached this without segfault
 reached this without segfault
 reached this without segfault
 reached this without segfault
 reached this without segfault
 reached this without segfault
 reached this without segfault
 reached this without segfault
 reached this without segfault
 reached this without segfault
 reached this without segfault
===============================================================================
All tests passed (134 assertions in 15 test cases)

<end of output>
Test time =   0.01 sec
----------------------------------------------------------
Test Passed.
"RBTree_Remove" end time: Jun 14 15:59 GTB Daylight Time
"RBTree_Remove" time elapsed: 00:00:00
----------------------------------------------------------

14/27 Testing: RBTree_Remove
14/27 Test: RBTree_Remove
Command: "C:/Users/Antonis/Desktop/Cpp/RBTree/build/test/Debug/delete.exe" "RBTree_Remove"
Directory: C:/Users/Antonis/Desktop/Cpp/RBTree/build/test
"RBTree_Remove" start time: Jun 14 15:59 GTB Daylight Time
Output:
----------------------------------------------------------
Filters: "RBTree_Remove"
Randomness seeded to: 3182085937
 reached this without segfault
 reached this without segfault
 reached this without segfault
 reached this without segfault
 reached this without segfault
 reached this without segfault
 reached this without segfault
 reached this without segfault
 reached this without segfault
 reached this without segfault
 reached this without segfault
 reached this without segfault
===============================================================================
All tests passed (134 assertions in 15 test cases)

<end of output>
Test time =   0.01 sec
----------------------------------------------------------
Test Passed.
"RBTree_Remove" end time: Jun 14 15:59 GTB Daylight Time
"RBTree_Remove" time elapsed: 00:00:00
----------------------------------------------------------

15/27 Testing: RBTree_Remove
15/27 Test: RBTree_Remove
Command: "C:/Users/Antonis/Desktop/Cpp/RBTree/build/test/Debug/delete.exe" "RBTree_Remove"
Directory: C:/Users/Antonis/Desktop/Cpp/RBTree/build/test
"RBTree_Remove" start time: Jun 14 15:59 GTB Daylight Time
Output:
----------------------------------------------------------
Filters: "RBTree_Remove"
Randomness seeded to: 4110218734
 reached this without segfault
 reached this without segfault
 reached this without segfault
 reached this without segfault
 reached this without segfault
 reached this without segfault
 reached this without segfault
 reached this without segfault
 reached this without segfault
 reached this without segfault
 reached this without segfault
 reached this without segfault
===============================================================================
All tests passed (134 assertions in 15 test cases)

<end of output>
Test time =   0.01 sec
----------------------------------------------------------
Test Passed.
"RBTree_Remove" end time: Jun 14 15:59 GTB Daylight Time
"RBTree_Remove" time elapsed: 00:00:00
----------------------------------------------------------

16/27 Testing: RBTree_Remove
16/27 Test: RBTree_Remove
Command: "C:/Users/Antonis/Desktop/Cpp/RBTree/build/test/Debug/delete.exe" "RBTree_Remove"
Directory: C:/Users/Antonis/Desktop/Cpp/RBTree/build/test
"RBTree_Remove" start time: Jun 14 15:59 GTB Daylight Time
Output:
----------------------------------------------------------
Filters: "RBTree_Remove"
Randomness seeded to: 3809050256
 reached this without segfault
 reached this without segfault
 reached this without segfault
 reached this without segfault
 reached this without segfault
 reached this without segfault
 reached this without segfault
 reached this without segfault
 reached this without segfault
 reached this without segfault
 reached this without segfault
 reached this without segfault
===============================================================================
All tests passed (134 assertions in 15 test cases)

<end of output>
Test time =   0.01 sec
----------------------------------------------------------
Test Passed.
"RBTree_Remove" end time: Jun 14 15:59 GTB Daylight Time
"RBTree_Remove" time elapsed: 00:00:00
----------------------------------------------------------

17/27 Testing: RBTree_Remove
17/27 Test: RBTree_Remove
Command: "C:/Users/Antonis/Desktop/Cpp/RBTree/build/test/Debug/delete.exe" "RBTree_Remove"
Directory: C:/Users/Antonis/Desktop/Cpp/RBTree/build/test
"RBTree_Remove" start time: Jun 14 15:59 GTB Daylight Time
Output:
----------------------------------------------------------
Filters: "RBTree_Remove"
Randomness seeded to: 751438275
 reached this without segfault
 reached this without segfault
 reached this without segfault
 reached this without segfault
 reached this without segfault
 reached this without segfault
 reached this without segfault
 reached this without segfault
 reached this without segfault
 reached this without segfault
 reached this without segfault
 reached this without segfault
===============================================================================
All tests passed (134 assertions in 15 test cases)

<end of output>
Test time =   0.01 sec
----------------------------------------------------------
Test Passed.
"RBTree_Remove" end time: Jun 14 15:59 GTB Daylight Time
"RBTree_Remove" time elapsed: 00:00:00
----------------------------------------------------------

18/27 Testing: RBTree_Remove
18/27 Test: RBTree_Remove
Command: "C:/Users/Antonis/Desktop/Cpp/RBTree/build/test/Debug/delete.exe" "RBTree_Remove"
Directory: C:/Users/Antonis/Desktop/Cpp/RBTree/build/test
"RBTree_Remove" start time: Jun 14 15:59 GTB Daylight Time
Output:
----------------------------------------------------------
Filters: "RBTree_Remove"
Randomness seeded to: 2366510999
 reached this without segfault
 reached this without segfault
 reached this without segfault
 reached this without segfault
 reached this without segfault
 reached this without segfault
 reached this without segfault
 reached this without segfault
 reached this without segfault
 reached this without segfault
 reached this without segfault
 reached this without segfault
===============================================================================
All tests passed (134 assertions in 15 test cases)

<end of output>
Test time =   0.01 sec
----------------------------------------------------------
Test Passed.
"RBTree_Remove" end time: Jun 14 15:59 GTB Daylight Time
"RBTree_Remove" time elapsed: 00:00:00
----------------------------------------------------------

19/27 Testing: RBTree_Remove
19/27 Test: RBTree_Remove
Command: "C:/Users/Antonis/Desktop/Cpp/RBTree/build/test/Debug/delete.exe" "RBTree_Remove"
Directory: C:/Users/Antonis/Desktop/Cpp/RBTree/build/test
"RBTree_Remove" start time: Jun 14 15:59 GTB Daylight Time
Output:
----------------------------------------------------------
Filters: "RBTree_Remove"
Randomness seeded to: 4051624289
 reached this without segfault
 reached this without segfault
 reached this without segfault
 reached this without segfault
 reached this without segfault
 reached this without segfault
 reached this without segfault
 reached this without segfault
 reached this without segfault
 reached this without segfault
 reached this without segfault
 reached this without segfault
===============================================================================
All tests passed (134 assertions in 15 test cases)

<end of output>
Test time =   0.01 sec
----------------------------------------------------------
Test Passed.
"RBTree_Remove" end time: Jun 14 15:59 GTB Daylight Time
"RBTree_Remove" time elapsed: 00:00:00
----------------------------------------------------------

20/27 Testing: RBTree_Remove
20/27 Test: RBTree_Remove
Command: "C:/Users/Antonis/Desktop/Cpp/RBTree/build/test/Debug/delete.exe" "RBTree_Remove"
Directory: C:/Users/Antonis/Desktop/Cpp/RBTree/build/test
"RBTree_Remove" start time: Jun 14 15:59 GTB Daylight Time
Output:
----------------------------------------------------------
Filters: "RBTree_Remove"
Randomness seeded to: 874451792
 reached this without segfault
 reached this without segfault
 reached this without segfault
 reached this without segfault
 reached this without segfault
 reached this without segfault
 reached this without segfault
 reached this without segfault
 reached this without segfault
 reached this without segfault
 reached this without segfault
 reached this without segfault
===============================================================================
All tests passed (134 assertions in 15 test cases)

<end of output>
Test time =   0.01 sec
----------------------------------------------------------
Test Passed.
"RBTree_Remove" end time: Jun 14 15:59 GTB Daylight Time
"RBTree_Remove" time elapsed: 00:00:00
----------------------------------------------------------

21/27 Testing: RBTree_Remove
21/27 Test: RBTree_Remove
Command: "C:/Users/Antonis/Desktop/Cpp/RBTree/build/test/Debug/delete.exe" "RBTree_Remove"
Directory: C:/Users/Antonis/Desktop/Cpp/RBTree/build/test
"RBTree_Remove" start time: Jun 14 15:59 GTB Daylight Time
Output:
----------------------------------------------------------
Filters: "RBTree_Remove"
Randomness seeded to: 3520511640
 reached this without segfault
 reached this without segfault
 reached this without segfault
 reached this without segfault
 reached this without segfault
 reached this without segfault
 reached this without segfault
 reached this without segfault
 reached this without segfault
 reached this without segfault
 reached this without segfault
 reached this without segfault
===============================================================================
All tests passed (134 assertions in 15 test cases)

<end of output>
Test time =   0.01 sec
----------------------------------------------------------
Test Passed.
"RBTree_Remove" end time: Jun 14 15:59 GTB Daylight Time
"RBTree_Remove" time elapsed: 00:00:00
----------------------------------------------------------

22/27 Testing: RBTree_Remove
22/27 Test: RBTree_Remove
Command: "C:/Users/Antonis/Desktop/Cpp/RBTree/build/test/Debug/delete.exe" "RBTree_Remove"
Directory: C:/Users/Antonis/Desktop/Cpp/RBTree/build/test
"RBTree_Remove" start time: Jun 14 15:59 GTB Daylight Time
Output:
----------------------------------------------------------
Filters: "RBTree_Remove"
Randomness seeded to: 2281947908
 reached this without segfault
 reached this without segfault
 reached this without segfault
 reached this without segfault
 reached this without segfault
 reached this without segfault
 reached this without segfault
 reached this without segfault
 reached this without segfault
 reached this without segfault
 reached this without segfault
 reached this without segfault
===============================================================================
All tests passed (134 assertions in 15 test cases)

<end of output>
Test time =   0.01 sec
----------------------------------------------------------
Test Passed.
"RBTree_Remove" end time: Jun 14 15:59 GTB Daylight Time
"RBTree_Remove" time elapsed: 00:00:00
----------------------------------------------------------

23/27 Testing: RBTree_Remove
23/27 Test: RBTree_Remove
Command: "C:/Users/Antonis/Desktop/Cpp/RBTree/build/test/Debug/delete.exe" "RBTree_Remove"
Directory: C:/Users/Antonis/Desktop/Cpp/RBTree/build/test
"RBTree_Remove" start time: Jun 14 15:59 GTB Daylight Time
Output:
----------------------------------------------------------
Filters: "RBTree_Remove"
Randomness seeded to: 2311273670
 reached this without segfault
 reached this without segfault
 reached this without segfault
 reached this without segfault
 reached this without segfault
 reached this without segfault
 reached this without segfault
 reached this without segfault
 reached this without segfault
 reached this without segfault
 reached this without segfault
 reached this without segfault
===============================================================================
All tests passed (134 assertions in 15 test cases)

<end of output>
Test time =   0.01 sec
----------------------------------------------------------
Test Passed.
"RBTree_Remove" end time: Jun 14 15:59 GTB Daylight Time
"RBTree_Remove" time elapsed: 00:00:00
----------------------------------------------------------

24/27 Testing: RBTree_Remove
24/27 Test: RBTree_Remove
Command: "C:/Users/Antonis/Desktop/Cpp/RBTree/build/test/Debug/delete.exe" "RBTree_Remove"
Directory: C:/Users/Antonis/Desktop/Cpp/RBTree/build/test
"RBTree_Remove" start time: Jun 14 15:59 GTB Daylight Time
Output:
----------------------------------------------------------
Filters: "RBTree_Remove"
Randomness seeded to: 159654535
 reached this without segfault
 reached this without segfault
 reached this without segfault
 reached this without segfault
 reached this without segfault
 reached this without segfault
 reached this without segfault
 reached this without segfault
 reached this without segfault
 reached this without segfault
 reached this without segfault
 reached this without segfault
===============================================================================
All tests passed (134 assertions in 15 test cases)

<end of output>
Test time =   0.01 sec
----------------------------------------------------------
Test Passed.
"RBTree_Remove" end time: Jun 14 15:59 GTB Daylight Time
"RBTree_Remove" time elapsed: 00:00:00
----------------------------------------------------------

25/27 Testing: RBTree_Remove
25/27 Test: RBTree_Remove
Command: "C:/Users/Antonis/Desktop/Cpp/RBTree/build/test/Debug/delete.exe" "RBTree_Remove"
Directory: C:/Users/Antonis/Desktop/Cpp/RBTree/build/test
"RBTree_Remove" start time: Jun 14 15:59 GTB Daylight Time
Output:
----------------------------------------------------------
Filters: "RBTree_Remove"
Randomness seeded to: 399225682
 reached this without segfault
 reached this without segfault
 reached this without segfault
 reached this without segfault
 reached this without segfault
 reached this without segfault
 reached this without segfault
 reached this without segfault
 reached this without segfault
 reached this without segfault
 reached this without segfault
 reached this without segfault
===============================================================================
All tests passed (134 assertions in 15 test cases)

<end of output>
Test time =   0.01 sec
----------------------------------------------------------
Test Passed.
"RBTree_Remove" end time: Jun 14 15:59 GTB Daylight Time
"RBTree_Remove" time elapsed: 00:00:00
----------------------------------------------------------

26/27 Testing: RBTree_Remove
26/27 Test: RBTree_Remove
Command: "C:/Users/Antonis/Desktop/Cpp/RBTree/build/test/Debug/delete.exe" "RBTree_Remove"
Directory: C:/Users/Antonis/Desktop/Cpp/RBTree/build/test
"RBTree_Remove" start time: Jun 14 15:59 GTB Daylight Time
Output:
----------------------------------------------------------
Filters: "RBTree_Remove"
Randomness seeded to: 66025574
 reached this without segfault
 reached this without segfault
 reached this without segfault
 reached this without segfault
 reached this without segfault
 reached this without segfault
 reached this without segfault
 reached this without segfault
 reached this without segfault
 reached this without segfault
 reached this without segfault
 reached this without segfault
===============================================================================
All tests passed (134 assertions in 15 test cases)

<end of output>
Test time =   0.01 sec
----------------------------------------------------------
Test Passed.
"RBTree_Remove" end time: Jun 14 15:59 GTB Daylight Time
"RBTree_Remove" time elapsed: 00:00:00
----------------------------------------------------------

27/27 Testing: RBTree_Remove
27/27 Test: RBTree_Remove
Command: "C:/Users/Antonis/Desktop/Cpp/RBTree/build/test/Debug/delete.exe" "RBTree_Remove"
Directory: C:/Users/Antonis/Desktop/Cpp/RBTree/build/test
"RBTree_Remove" start time: Jun 14 15:59 GTB Daylight Time
Output:
----------------------------------------------------------
Filters: "RBTree_Remove"
Randomness seeded to: 237831524
 reached this without segfault
 reached this without segfault
 reached this without segfault
 reached this without segfault
 reached this without segfault
 reached this without segfault
 reached this without segfault
 reached this without segfault
 reached this without segfault
 reached this without segfault
 reached this without segfault
 reached this without segfault
===============================================================================
All tests passed (134 assertions in 15 test cases)

<end of output>
Test time =   0.01 sec
----------------------------------------------------------
Test Passed.
"RBTree_Remove" end time: Jun 14 15:59 GTB Daylight Time
"RBTree_Remove" time elapsed: 00:00:00
----------------------------------------------------------

End testing: Jun 14 15:59 GTB Daylight Time
